app/build/outputs/logs/manifest-merger-debug-report.txt
-- Merging decision tree log ---
manifest
ADDED from src\main\AndroidManifest.xml:2:1-23:12
INJECTED from src\main\AndroidManifest.xml:2:1-23:12
INJECTED from src\main\AndroidManifest.xml:2:1-23:12
	package
		ADDED from src\main\AndroidManifest.xml:3:7-28
		INJECTED from src\main\AndroidManifest.xml
		INJECTED from src\main\AndroidManifest.xml
	xmlns:android
		ADDED from src\main\AndroidManifest.xml:2:11-69
application
ADDED from src\main\AndroidManifest.xml:4:5-15:19
	android:label
		ADDED from src\main\AndroidManifest.xml:4:48-80
	android:icon
		ADDED from src\main\AndroidManifest.xml:4:18-47
activity#com.msi.ibm.XmlGui
ADDED from src\main\AndroidManifest.xml:5:9-11:20
	android:label
		ADDED from src\main\AndroidManifest.xml:6:19-51
	android:name
		ADDED from src\main\AndroidManifest.xml:5:19-41
intent-filter#action:name:android.intent.action.MAIN+category:name:android.intent.category.LAUNCHER
ADDED from src\main\AndroidManifest.xml:7:13-10:29
action#android.intent.action.MAIN
ADDED from src\main\AndroidManifest.xml:8:17-69
	android:name
		ADDED from src\main\AndroidManifest.xml:8:25-66
category#android.intent.category.LAUNCHER
ADDED from src\main\AndroidManifest.xml:9:17-77
	android:name
		ADDED from src\main\AndroidManifest.xml:9:27-74
activity#com.msi.ibm.RunForm
ADDED from src\main\AndroidManifest.xml:12:9-13:20
	android:name
		ADDED from src\main\AndroidManifest.xml:12:19-42
uses-permission#android.permission.INTERNET
ADDED from src\main\AndroidManifest.xml:19:1-79
	android:name
		ADDED from src\main\AndroidManifest.xml:19:18-60